[[1;34mINFO[m] Scanning for projects...
[[1;34mINFO[m] 
[[1;34mINFO[m] [1m---------------------< [0;36mcom.test.jacoco:testJacoco[0;1m >---------------------[m
[[1;34mINFO[m] [1mBuilding JaCoCo 1.0.0-SNAPSHOT[m
[[1;34mINFO[m] [1m--------------------------------[ jar ]---------------------------------[m
[[1;34mINFO[m] 
[[1;34mINFO[m] [1m--- [0;32mmaven-clean-plugin:2.5:clean[m [1m(default-clean)[m @ [36mtestJacoco[0;1m ---[m
[[1;34mINFO[m] Deleting /home/zhc/æ–‡æ¡£/SAT/White-Box-Testing-/target
[[1;34mINFO[m] 
[[1;34mINFO[m] [1m--- [0;32mjacoco-maven-plugin:0.7.7.201606060606:prepare-agent[m [1m(jacoco-initialize)[m @ [36mtestJacoco[0;1m ---[m
[[1;34mINFO[m] argLine set to -javaagent:/home/zhc/.m2/repository/org/jacoco/org.jacoco.agent/0.7.7.201606060606/org.jacoco.agent-0.7.7.201606060606-runtime.jar=destfile=/home/zhc/æ–‡æ¡£/SAT/White-Box-Testing-/target/coverage-reports/jacoco-unit.exec
[[1;34mINFO[m] 
[[1;34mINFO[m] [1m--- [0;32mmaven-resources-plugin:2.6:resources[m [1m(default-resources)[m @ [36mtestJacoco[0;1m ---[m
[[1;33mWARNING[m] Using platform encoding (UTF-8 actually) to copy filtered resources, i.e. build is platform dependent!
[[1;34mINFO[m] skip non existing resourceDirectory /home/zhc/æ–‡æ¡£/SAT/White-Box-Testing-/src/main/resources
[[1;34mINFO[m] 
[[1;34mINFO[m] [1m--- [0;32mmaven-compiler-plugin:3.1:compile[m [1m(default-compile)[m @ [36mtestJacoco[0;1m ---[m
[[1;34mINFO[m] Changes detected - recompiling the module!
[[1;33mWARNING[m] File encoding has not been set, using platform encoding UTF-8, i.e. build is platform dependent!
[[1;34mINFO[m] Compiling 1 source file to /home/zhc/æ–‡æ¡£/SAT/White-Box-Testing-/target/classes
[[1;34mINFO[m] -------------------------------------------------------------
[[1;31mERROR[m] COMPILATION ERROR : 
[[1;34mINFO[m] -------------------------------------------------------------
[[1;31mERROR[m] ä¸å†æ”¯æŒæºé€‰é¡¹ 5ã€‚è¯·ä½¿ç”¨ 6 æˆ–æ›´é«˜ç‰ˆæœ¬ã€‚
[[1;31mERROR[m] ä¸å†æ”¯æŒç›®æ ‡é€‰é¡¹ 1.5ã€‚è¯·ä½¿ç”¨ 1.6 æˆ–æ›´é«˜ç‰ˆæœ¬ã€‚
[[1;34mINFO[m] 2 errors 
[[1;34mINFO[m] -------------------------------------------------------------
[[1;34mINFO[m] [1m------------------------------------------------------------------------[m
[[1;34mINFO[m] [1;31mBUILD FAILURE[m
[[1;34mINFO[m] [1m------------------------------------------------------------------------[m
[[1;34mINFO[m] Total time:  1.078 s
[[1;34mINFO[m] Finished at: 2019-11-21T20:12:10+08:00
[[1;34mINFO[m] [1m------------------------------------------------------------------------[m
[[1;31mERROR[m] Failed to execute goal [32morg.apache.maven.plugins:maven-compiler-plugin:3.1:compile[m [1m(default-compile)[m on project [36mtestJacoco[m: [1;31mCompilation failure[m: Compilation failure: 
[[1;31mERROR[m] ä¸å†æ”¯æŒæºé€‰é¡¹ 5ã€‚è¯·ä½¿ç”¨ 6 æˆ–æ›´é«˜ç‰ˆæœ¬ã€‚
[[1;31mERROR[m] ä¸å†æ”¯æŒç›®æ ‡é€‰é¡¹ 1.5ã€‚è¯·ä½¿ç”¨ 1.6 æˆ–æ›´é«˜ç‰ˆæœ¬ã€‚
[[1;31mERROR[m] -> [1m[Help 1][m
[[1;31mERROR[m] 
[[1;31mERROR[m] To see the full stack trace of the errors, re-run Maven with the [1m-e[m switch.
[[1;31mERROR[m] Re-run Maven using the [1m-X[m switch to enable full debug logging.
[[1;31mERROR[m] 
[[1;31mERROR[m] For more information about the errors and possible solutions, please read the following articles:
[[1;31mERROR[m] [1m[Help 1][m http://cwiki.apache.org/confluence/display/MAVEN/MojoFailureException
