<?xml version="1.0" encoding="UTF-8" standalone="yes"?><!DOCTYPE report PUBLIC "-//JACOCO//DTD Report 1.0//EN" "report.dtd"><report name="JaCoCo"><sessioninfo id="zhc-pc-fb50b885" start="1574339032331" dump="1574339032540"/><sessioninfo id="zhc-pc-81701844" start="1574339085511" dump="1574339085724"/><sessioninfo id="zhc-pc-ae67f1bc" start="1574339738787" dump="1574339738988"/><sessioninfo id="zhc-pc-d3661386" start="1574339947345" dump="1574339947691"/><sessioninfo id="zhc-pc-7902ffdd" start="1574340213313" dump="1574340213525"/><sessioninfo id="zhc-pc-39c27e4e" start="1574343327348" dump="1574343327588"/><sessioninfo id="zhc-pc-853abd4f" start="1574343393689" dump="1574343393905"/><sessioninfo id="zhc-pc-549f8da8" start="1574343437419" dump="1574343437655"/><sessioninfo id="zhc-pc-dc216941" start="1574343786256" dump="1574343786516"/><sessioninfo id="zhc-pc-a093bbe0" start="1574344749306" dump="1574344749532"/><sessioninfo id="zhc-pc-90ba6e0d" start="1574344776233" dump="1574344776467"/><sessioninfo id="zhc-pc-7992c83" start="1574344791775" dump="1574344791976"/><sessioninfo id="zhc-pc-d8a81291" start="1574345031856" dump="1574345032051"/><sessioninfo id="zhc-pc-41e3ff76" start="1574345740371" dump="1574345740581"/><sessioninfo id="zhc-pc-dc75aac8" start="1574345919753" dump="1574345919968"/><sessioninfo id="zhc-pc-74f5c131" start="1574345983053" dump="1574345983259"/><sessioninfo id="zhc-pc-5df541d3" start="1574346046086" dump="1574346046312"/><sessioninfo id="zhc-pc-1c802c94" start="1574346134803" dump="1574346135020"/><sessioninfo id="zhc-pc-984bd39e" start="1574346736262" dump="1574346736468"/><sessioninfo id="zhc-pc-3754ff6a" start="1574346925544" dump="1574346925754"/><sessioninfo id="zhc-pc-4393a1a0" start="1574398960886" dump="1574398961108"/><sessioninfo id="zhc-pc-5d6c33f2" start="1574401379033" dump="1574401379259"/><sessioninfo id="zhc-pc-6692c1d" start="1574599054305" dump="1574599054604"/><sessioninfo id="zhc-pc-b4f24dcd" start="1574599086666" dump="1574599086993"/><sessioninfo id="zhc-pc-53554223" start="1574599595728" dump="1574599595935"/><sessioninfo id="zhc-pc-a3f81ad2" start="1574599620761" dump="1574599620982"/><sessioninfo id="zhc-pc-7f3d7a19" start="1574599651612" dump="1574599651928"/><sessioninfo id="zhc-pc-991c5765" start="1574599826585" dump="1574599826796"/><sessioninfo id="zhc-pc-35e48d07" start="1574600065450" dump="1574600065679"/><sessioninfo id="zhc-pc-16dfb3a7" start="1574600211323" dump="1574600211547"/><sessioninfo id="zhc-pc-96b25c90" start="1574600274950" dump="1574600275167"/><sessioninfo id="zhc-pc-cd9fd118" start="1574600296679" dump="1574600296918"/><sessioninfo id="zhc-pc-3c2dd9ed" start="1574600325092" dump="1574600325292"/><sessioninfo id="zhc-pc-b727b8d8" start="1574600381742" dump="1574600381950"/><sessioninfo id="zhc-pc-cdd84b83" start="1574600410117" dump="1574600410326"/><sessioninfo id="zhc-pc-83509c10" start="1574600465837" dump="1574600466060"/><sessioninfo id="zhc-pc-2dea224f" start="1574600482979" dump="1574600483187"/><sessioninfo id="zhc-pc-3301d1c0" start="1574600500059" dump="1574600500266"/><sessioninfo id="zhc-pc-457239f7" start="1574600534647" dump="1574600534853"/><sessioninfo id="zhc-pc-8101b65f" start="1574600561754" dump="1574600561960"/><sessioninfo id="zhc-pc-1f0f68a0" start="1574600630117" dump="1574600630327"/><sessioninfo id="zhc-pc-8836fe59" start="1574600672052" dump="1574600672261"/><sessioninfo id="zhc-pc-a14e5fda" start="1574600812437" dump="1574600812641"/><sessioninfo id="zhc-pc-7be67053" start="1574600829551" dump="1574600829760"/><sessioninfo id="zhc-pc-c74093eb" start="1574600864973" dump="1574600865191"/><sessioninfo id="zhc-pc-e521519f" start="1574600951160" dump="1574600951387"/><sessioninfo id="zhc-pc-b68ecd08" start="1574600975941" dump="1574600976156"/><package name="com/test/jacoco"><class name="com/test/jacoco/HelloWorld"><method name="&lt;init&gt;" desc="()V" line="7"><counter type="INSTRUCTION" missed="0" covered="3"/><counter type="LINE" missed="0" covered="2"/><counter type="COMPLEXITY" missed="0" covered="1"/><counter type="METHOD" missed="0" covered="1"/></method><method name="Method1" desc="()Ljava/lang/String;" line="12"><counter type="INSTRUCTION" missed="0" covered="2"/><counter type="LINE" missed="0" covered="1"/><counter type="COMPLEXITY" missed="0" covered="1"/><counter type="METHOD" missed="0" covered="1"/></method><method name="Method2" desc="(II)I" line="16"><counter type="INSTRUCTION" missed="0" covered="4"/><counter type="LINE" missed="0" covered="1"/><counter type="COMPLEXITY" missed="0" covered="1"/><counter type="METHOD" missed="0" covered="1"/></method><method name="Method3" desc="(III)I" line="20"><counter type="INSTRUCTION" missed="0" covered="26"/><counter type="BRANCH" missed="0" covered="10"/><counter type="LINE" missed="0" covered="6"/><counter type="COMPLEXITY" missed="0" covered="6"/><counter type="METHOD" missed="0" covered="1"/></method><method name="Method4" desc="(IIIIF)I" line="32"><counter type="INSTRUCTION" missed="0" covered="25"/><counter type="BRANCH" missed="0" covered="8"/><counter type="LINE" missed="0" covered="7"/><counter type="COMPLEXITY" missed="0" covered="5"/><counter type="METHOD" missed="0" covered="1"/></method><method name="bug" desc="(I)Z" line="43"><counter type="INSTRUCTION" missed="0" covered="7"/><counter type="BRANCH" missed="0" covered="2"/><counter type="LINE" missed="0" covered="2"/><counter type="COMPLEXITY" missed="0" covered="2"/><counter type="METHOD" missed="0" covered="1"/></method><method name="isTriangle" desc="(III)Z" line="53"><counter type="INSTRUCTION" missed="0" covered="31"/><counter type="BRANCH" missed="0" covered="12"/><counter type="LINE" missed="0" covered="9"/><counter type="COMPLEXITY" missed="0" covered="7"/><counter type="METHOD" missed="0" covered="1"/></method><method name="isBirthday" desc="(III)Z" line="70"><counter type="INSTRUCTION" missed="0" covered="107"/><counter type="BRANCH" missed="0" covered="56"/><counter type="LINE" missed="0" covered="17"/><counter type="COMPLEXITY" missed="0" covered="29"/><counter type="METHOD" missed="0" covered="1"/></method><method name="miniCalculator" desc="(DDC)Ljava/lang/Double;" line="103"><counter type="INSTRUCTION" missed="0" covered="44"/><counter type="BRANCH" missed="0" covered="10"/><counter type="LINE" missed="0" covered="11"/><counter type="COMPLEXITY" missed="0" covered="6"/><counter type="METHOD" missed="0" covered="1"/></method><counter type="INSTRUCTION" missed="0" covered="249"/><counter type="BRANCH" missed="0" covered="98"/><counter type="LINE" missed="0" covered="56"/><counter type="COMPLEXITY" missed="0" covered="58"/><counter type="METHOD" missed="0" covered="9"/><counter type="CLASS" missed="0" covered="1"/></class><sourcefile name="HelloWorld.java"><line nr="7" mi="0" ci="2" mb="0" cb="0"/><line nr="9" mi="0" ci="1" mb="0" cb="0"/><line nr="12" mi="0" ci="2" mb="0" cb="0"/><line nr="16" mi="0" ci="4" mb="0" cb="0"/><line nr="20" mi="0" ci="7" mb="0" cb="6"/><line nr="21" mi="0" ci="4" mb="0" cb="0"/><line nr="23" mi="0" ci="6" mb="0" cb="4"/><line nr="24" mi="0" ci="4" mb="0" cb="0"/><line nr="27" mi="0" ci="3" mb="0" cb="0"/><line nr="29" mi="0" ci="2" mb="0" cb="0"/><line nr="32" mi="0" ci="2" mb="0" cb="2"/><line nr="33" mi="0" ci="2" mb="0" cb="0"/><line nr="35" mi="0" ci="2" mb="0" cb="0"/><line nr="36" mi="0" ci="10" mb="0" cb="6"/><line nr="37" mi="0" ci="2" mb="0" cb="0"/><line nr="39" mi="0" ci="5" mb="0" cb="0"/><line nr="40" mi="0" ci="2" mb="0" cb="0"/><line nr="43" mi="0" ci="5" mb="0" cb="2"/><line nr="44" mi="0" ci="2" mb="0" cb="0"/><line nr="53" mi="0" ci="6" mb="0" cb="6"/><line nr="54" mi="0" ci="2" mb="0" cb="0"/><line nr="55" mi="0" ci="5" mb="0" cb="2"/><line nr="56" mi="0" ci="2" mb="0" cb="0"/><line nr="57" mi="0" ci="5" mb="0" cb="2"/><line nr="58" mi="0" ci="2" mb="0" cb="0"/><line nr="59" mi="0" ci="5" mb="0" cb="2"/><line nr="60" mi="0" ci="2" mb="0" cb="0"/><line nr="62" mi="0" ci="2" mb="0" cb="0"/><line nr="70" mi="0" ci="18" mb="0" cb="12"/><line nr="71" mi="0" ci="2" mb="0" cb="0"/><line nr="72" mi="0" ci="6" mb="0" cb="4"/><line nr="73" mi="0" ci="10" mb="0" cb="4"/><line nr="75" mi="0" ci="21" mb="0" cb="14"/><line nr="76" mi="0" ci="2" mb="0" cb="0"/><line nr="77" mi="0" ci="15" mb="0" cb="10"/><line nr="78" mi="0" ci="2" mb="0" cb="0"/><line nr="79" mi="0" ci="3" mb="0" cb="2"/><line nr="80" mi="0" ci="12" mb="0" cb="6"/><line nr="81" mi="0" ci="3" mb="0" cb="2"/><line nr="82" mi="0" ci="2" mb="0" cb="0"/><line nr="84" mi="0" ci="2" mb="0" cb="0"/><line nr="87" mi="0" ci="3" mb="0" cb="2"/><line nr="88" mi="0" ci="2" mb="0" cb="0"/><line nr="90" mi="0" ci="2" mb="0" cb="0"/><line nr="94" mi="0" ci="2" mb="0" cb="0"/><line nr="103" mi="0" ci="2" mb="0" cb="0"/><line nr="104" mi="0" ci="3" mb="0" cb="2"/><line nr="105" mi="0" ci="5" mb="0" cb="0"/><line nr="107" mi="0" ci="3" mb="0" cb="2"/><line nr="108" mi="0" ci="5" mb="0" cb="0"/><line nr="110" mi="0" ci="3" mb="0" cb="2"/><line nr="111" mi="0" ci="5" mb="0" cb="0"/><line nr="113" mi="0" ci="7" mb="0" cb="4"/><line nr="114" mi="0" ci="5" mb="0" cb="0"/><line nr="117" mi="0" ci="3" mb="0" cb="0"/><line nr="119" mi="0" ci="3" mb="0" cb="0"/><counter type="INSTRUCTION" missed="0" covered="249"/><counter type="BRANCH" missed="0" covered="98"/><counter type="LINE" missed="0" covered="56"/><counter type="COMPLEXITY" missed="0" covered="58"/><counter type="METHOD" missed="0" covered="9"/><counter type="CLASS" missed="0" covered="1"/></sourcefile><counter type="INSTRUCTION" missed="0" covered="249"/><counter type="BRANCH" missed="0" covered="98"/><counter type="LINE" missed="0" covered="56"/><counter type="COMPLEXITY" missed="0" covered="58"/><counter type="METHOD" missed="0" covered="9"/><counter type="CLASS" missed="0" covered="1"/></package><counter type="INSTRUCTION" missed="0" covered="249"/><counter type="BRANCH" missed="0" covered="98"/><counter type="LINE" missed="0" covered="56"/><counter type="COMPLEXITY" missed="0" covered="58"/><counter type="METHOD" missed="0" covered="9"/><counter type="CLASS" missed="0" covered="1"/></report>